#-----------------------------------------------------------
# Vivado v2019.1 (64-bit)
# SW Build 2552052 on Fri May 24 14:49:42 MDT 2019
# IP Build 2548770 on Fri May 24 18:01:18 MDT 2019
# Start of session at: Mon Apr 19 09:18:27 2021
# Process ID: 3816
# Current directory: D:/mux4_1/mux4_1
# Command line: vivado.exe -gui_launcher_event rodinguilauncherevent3580 D:\mux4_1\mux4_1\mux4_1.xpr
# Log file: D:/mux4_1/mux4_1/vivado.log
# Journal file: D:/mux4_1/mux4_1\vivado.jou
#-----------------------------------------------------------
start_gui
open_project D:/mux4_1/mux4_1/mux4_1.xpr
Scanning sources...
Finished scanning sources
INFO: [Project 1-230] Project 'mux4_1.xpr' upgraded for this version of Vivado.
INFO: [IP_Flow 19-234] Refreshing IP repositories
INFO: [IP_Flow 19-1704] No user IP repositories specified
INFO: [IP_Flow 19-2313] Loaded Vivado IP repository 'E:/Xilinx2019/Vivado/2019.1/data/ip'.
open_project: Time (s): cpu = 00:00:11 ; elapsed = 00:00:13 . Memory (MB): peak = 709.574 ; gain = 12.039
update_compile_order -fileset sources_1
launch_simulation
INFO: [Vivado 12-5682] Launching behavioral simulation in 'D:/mux4_1/mux4_1/mux4_1.sim/sim_1/behav/xsim'
INFO: [SIM-utils-51] Simulation object is 'sim_1'
INFO: [SIM-utils-54] Inspecting design source files for 'mux4_1' in fileset 'sim_1'...
INFO: [USF-XSim-97] Finding global include files...
INFO: [USF-XSim-98] Fetching design files from 'sim_1'...
INFO: [USF-XSim-2] XSim::Compile design
INFO: [USF-XSim-61] Executing 'COMPILE and ANALYZE' step in 'D:/mux4_1/mux4_1/mux4_1.sim/sim_1/behav/xsim'
"xvlog --incr --relax -prj mux4_1_vlog.prj"
INFO: [VRFC 10-2263] Analyzing Verilog file "D:/mux4_1/mux4_1/mux4_1.srcs/sources_1/new/mux4_1.v" into library xil_defaultlib
INFO: [VRFC 10-311] analyzing module mux4_1
INFO: [VRFC 10-2263] Analyzing Verilog file "D:/mux4_1/mux4_1/mux4_1.sim/sim_1/behav/xsim/glbl.v" into library xil_defaultlib
INFO: [VRFC 10-311] analyzing module glbl
INFO: [USF-XSim-69] 'compile' step finished in '2' seconds
INFO: [USF-XSim-3] XSim::Elaborate design
INFO: [USF-XSim-61] Executing 'ELABORATE' step in 'D:/mux4_1/mux4_1/mux4_1.sim/sim_1/behav/xsim'
"xelab -wto e314bdb9169b475288e8f82e07dcb5bf --incr --debug typical --relax --mt 2 -L xil_defaultlib -L unisims_ver -L unimacro_ver -L secureip --snapshot mux4_1_behav xil_defaultlib.mux4_1 xil_defaultlib.glbl -log elaborate.log"
Vivado Simulator 2019.1
Copyright 1986-1999, 2001-2019 Xilinx, Inc. All Rights Reserved.
Running: E:/Xilinx2019/Vivado/2019.1/bin/unwrapped/win64.o/xelab.exe -wto e314bdb9169b475288e8f82e07dcb5bf --incr --debug typical --relax --mt 2 -L xil_defaultlib -L unisims_ver -L unimacro_ver -L secureip --snapshot mux4_1_behav xil_defaultlib.mux4_1 xil_defaultlib.glbl -log elaborate.log 
Using 2 slave threads.
Starting static elaboration
Completed static elaboration
Starting simulation data flow analysis
Completed simulation data flow analysis
Time Resolution for simulation is 1ps
Compiling module xil_defaultlib.mux4_1
Compiling module xil_defaultlib.glbl
Built simulation snapshot mux4_1_behav

****** Webtalk v2019.1 (64-bit)
  **** SW Build 2552052 on Fri May 24 14:49:42 MDT 2019
  **** IP Build 2548770 on Fri May 24 18:01:18 MDT 2019
    ** Copyright 1986-2019 Xilinx, Inc. All Rights Reserved.

source D:/mux4_1/mux4_1/mux4_1.sim/sim_1/behav/xsim/xsim.dir/mux4_1_behav/webtalk/xsim_webtalk.tcl -notrace
webtalk_transmit: Time (s): cpu = 00:00:00 ; elapsed = 00:00:09 . Memory (MB): peak = 93.621 ; gain = 0.000
INFO: [Common 17-206] Exiting Webtalk at Mon Apr 19 09:19:47 2021...
run_program: Time (s): cpu = 00:00:01 ; elapsed = 00:00:12 . Memory (MB): peak = 721.906 ; gain = 0.000
INFO: [USF-XSim-69] 'elaborate' step finished in '13' seconds
INFO: [USF-XSim-4] XSim::Simulate design
INFO: [USF-XSim-61] Executing 'SIMULATE' step in 'D:/mux4_1/mux4_1/mux4_1.sim/sim_1/behav/xsim'
INFO: [USF-XSim-98] *** Running xsim
   with args "mux4_1_behav -key {Behavioral:sim_1:Functional:mux4_1} -tclbatch {mux4_1.tcl} -log {simulate.log}"
INFO: [USF-XSim-8] Loading simulator feature
Vivado Simulator 2019.1
Time resolution is 1 ps
source mux4_1.tcl
# set curr_wave [current_wave_config]
# if { [string length $curr_wave] == 0 } {
#   if { [llength [get_objects]] > 0} {
#     add_wave /
#     set_property needs_save false [current_wave_config]
#   } else {
#      send_msg_id Add_Wave-1 WARNING "No top level signals found. Simulator will start without a wave window. If you want to open a wave window go to 'File->New Waveform Configuration' or type 'create_wave_config' in the TCL console."
#   }
# }
# run 1000ns
INFO: [USF-XSim-96] XSim completed. Design snapshot 'mux4_1_behav' loaded.
INFO: [USF-XSim-97] XSim simulation ran for 1000ns
launch_simulation: Time (s): cpu = 00:00:10 ; elapsed = 00:00:19 . Memory (MB): peak = 721.906 ; gain = 0.000
close_sim
INFO: [Simtcl 6-16] Simulation closed
close_sim: Time (s): cpu = 00:00:02 ; elapsed = 00:00:11 . Memory (MB): peak = 742.137 ; gain = 11.785
launch_simulation
INFO: [Vivado 12-5682] Launching behavioral simulation in 'D:/mux4_1/mux4_1/mux4_1.sim/sim_1/behav/xsim'
INFO: [SIM-utils-51] Simulation object is 'sim_1'
INFO: [SIM-utils-54] Inspecting design source files for 'mux4_1' in fileset 'sim_1'...
INFO: [USF-XSim-97] Finding global include files...
INFO: [USF-XSim-98] Fetching design files from 'sim_1'...
INFO: [USF-XSim-2] XSim::Compile design
INFO: [USF-XSim-61] Executing 'COMPILE and ANALYZE' step in 'D:/mux4_1/mux4_1/mux4_1.sim/sim_1/behav/xsim'
"xvlog --incr --relax -prj mux4_1_vlog.prj"
INFO: [VRFC 10-2263] Analyzing Verilog file "D:/mux4_1/mux4_1/mux4_1.srcs/sources_1/new/mux4_1.v" into library xil_defaultlib
INFO: [VRFC 10-311] analyzing module mux4_1
WARNING: [VRFC 10-3676] redeclaration of ansi port 'out' is not allowed [D:/mux4_1/mux4_1/mux4_1.srcs/sources_1/new/mux4_1.v:24]
INFO: [USF-XSim-69] 'compile' step finished in '1' seconds
INFO: [USF-XSim-3] XSim::Elaborate design
INFO: [USF-XSim-61] Executing 'ELABORATE' step in 'D:/mux4_1/mux4_1/mux4_1.sim/sim_1/behav/xsim'
"xelab -wto e314bdb9169b475288e8f82e07dcb5bf --incr --debug typical --relax --mt 2 -L xil_defaultlib -L unisims_ver -L unimacro_ver -L secureip --snapshot mux4_1_behav xil_defaultlib.mux4_1 xil_defaultlib.glbl -log elaborate.log"
Vivado Simulator 2019.1
Copyright 1986-1999, 2001-2019 Xilinx, Inc. All Rights Reserved.
Running: E:/Xilinx2019/Vivado/2019.1/bin/unwrapped/win64.o/xelab.exe -wto e314bdb9169b475288e8f82e07dcb5bf --incr --debug typical --relax --mt 2 -L xil_defaultlib -L unisims_ver -L unimacro_ver -L secureip --snapshot mux4_1_behav xil_defaultlib.mux4_1 xil_defaultlib.glbl -log elaborate.log 
Using 2 slave threads.
Starting static elaboration
Completed static elaboration
Starting simulation data flow analysis
Completed simulation data flow analysis
Time Resolution for simulation is 1ps
Compiling module xil_defaultlib.mux4_1
Compiling module xil_defaultlib.glbl
Built simulation snapshot mux4_1_behav
INFO: [USF-XSim-69] 'elaborate' step finished in '1' seconds
INFO: [USF-XSim-4] XSim::Simulate design
INFO: [USF-XSim-61] Executing 'SIMULATE' step in 'D:/mux4_1/mux4_1/mux4_1.sim/sim_1/behav/xsim'
INFO: [USF-XSim-98] *** Running xsim
   with args "mux4_1_behav -key {Behavioral:sim_1:Functional:mux4_1} -tclbatch {mux4_1.tcl} -log {simulate.log}"
INFO: [USF-XSim-8] Loading simulator feature
Vivado Simulator 2019.1
Time resolution is 1 ps
source mux4_1.tcl
# set curr_wave [current_wave_config]
# if { [string length $curr_wave] == 0 } {
#   if { [llength [get_objects]] > 0} {
#     add_wave /
#     set_property needs_save false [current_wave_config]
#   } else {
#      send_msg_id Add_Wave-1 WARNING "No top level signals found. Simulator will start without a wave window. If you want to open a wave window go to 'File->New Waveform Configuration' or type 'create_wave_config' in the TCL console."
#   }
# }
# run 1000ns
INFO: [USF-XSim-96] XSim completed. Design snapshot 'mux4_1_behav' loaded.
INFO: [USF-XSim-97] XSim simulation ran for 1000ns
file mkdir D:/mux4_1/mux4_1/mux4_1.srcs/sim_1/new
set_property SOURCE_SET sources_1 [get_filesets sim_1]
close [ open D:/mux4_1/mux4_1/mux4_1.srcs/sim_1/new/mux4_1_tb.v w ]
add_files -fileset sim_1 D:/mux4_1/mux4_1/mux4_1.srcs/sim_1/new/mux4_1_tb.v
update_compile_order -fileset sim_1
launch_simulation
boost::filesystem::remove: 另一个程序正在使用此文件，进程无法访问。: "D:/mux4_1/mux4_1/mux4_1.sim/sim_1/behav/xsim/simulate.log"
update_compile_order -fileset sim_1
launch_simulation
boost::filesystem::remove: 另一个程序正在使用此文件，进程无法访问。: "D:/mux4_1/mux4_1/mux4_1.sim/sim_1/behav/xsim/simulate.log"
close_sim
INFO: [Simtcl 6-16] Simulation closed
exit
INFO: [Common 17-206] Exiting Vivado at Mon Apr 19 09:41:27 2021...
