Exception at PC 0x000007FEFD4AA49D
Exception at PC 0x000007FEFD4AA49D
Unable to capture context for thread 3676 in process 4000, can not generate back trace
Unable to capture context for thread 3676 in process 4000, can not generate back trace
Exception at PC 0x000007FEFD4AA49D
Exception at PC 0x000007FEB856BB93
Printing stacktrace...

Exception at PC 0x000007FEFD4AA49D
Unable to capture context for thread 3908 in process 4000, can not generate back trace
Exception at PC 0x000007FEFD4AA49D
Exception at PC 0x000007FEFD4AA49D
Exception at PC 0x000007FEFD4AA49D
Exception at PC 0x000007FEFD4AA49D
Exception at PC 0x000007FEFD4AA49D
Exception at PC 0x000007FEFD4AA49D
Exception at PC 0x000007FEFD4AA49D
Exception at PC 0x000007FEFD4AA49D
Exception at PC 0x000007FEFD4AA49D
Exception at PC 0x000007FEFD4AA49D
Exception at PC 0x000007FEFD4AA49D
Exception at PC 0x000007FEFD4AA49D
Exception at PC 0x000007FEFD4AA49D
Exception at PC 0x000007FEFD4AA49D
Exception at PC 0x000007FEFD4AA49D
Exception at PC 0x000007FEFD4AA49D
[0]  [0x000007FEB856BB93]
[1]  [0x000007FEB856BB93]
[2]  [0x000007FEB856B4A1]
[3]  [0x000007FEB856B3EF]
[4]  [0x000007FEB85519FE]
[5]  [0x000007FEB8550ED1]
[6]  [0x000007FEB8550D76]
[7]  [0x000007FEB84F79F6]
[8]  [0x000007FEB84E7AFB]
[9]  [0x000007FEB860E90A]
[10]  [0x000007FEB8629F87]
[11]  [0x000007FEB862A05F]
[12] (BaseThreadInitThunk+0xd) [0x00000000770C652D]
[13] (RtlUserThreadStart+0x21) [0x00000000772FC521]
Done
Exception at PC 0x000007FEB8271A52
Attemped to write at address 0x000007FEE7CF9BA4
Printing stacktrace...

[0]  [0x000007FEB8271A52]
[1]  [0x000007FEB8271A52]
[2]  [0x000007FEB8271AD4]
[3]  [0x000007FEB83B3FF7]
[4]  [0x000007FEB8299128]
[5]  [0x000007FEB854DFB9]
[6]  [0x000007FEB871EF23]
[7]  [0x000007FEB862B06B]
[8]  [0x000007FEB86208AF]
[9]  [0x000007FEB8620A32]
[10] (LdrShutdownProcess+0x1d1) [0x00000000772F4371]
[11] (RtlExitUserProcess+0x90) [0x00000000772F4180]
[12] (strncpy_s+0x14a) [0x000007FEFE939962]
[13]  [0x00000000004014CD]
[14]  [0x000000000040151B]
[15] (BaseThreadInitThunk+0xd) [0x00000000770C652D]
[16] (RtlUserThreadStart+0x21) [0x00000000772FC521]
Done
